[0815/161528.297:ERROR:process_memory_win.cc(73)] ReadMemory at 0x7ff6c3930000 of 64 bytes failed: Only part of a ReadProcessMemory or WriteProcessMemory request was completed. (0x12B)
[0815/161528.373:WARNING:pe_image_reader.cc(340)] could not read dos header from C:\Program Files (x86)\Google\Chrome\Application\chrome.exe
[0815/161528.374:ERROR:process_memory_win.cc(73)] ReadMemory at 0x7ffb82b70000 of 64 bytes failed: Only part of a ReadProcessMemory or WriteProcessMemory request was completed. (0x12B)
[0815/161528.374:WARNING:pe_image_reader.cc(340)] could not read dos header from C:\WINDOWS\SYSTEM32\ntdll.dll
[0815/161528.374:ERROR:process_memory_win.cc(73)] ReadMemory at 0x7ffb82870000 of 64 bytes failed: Only part of a ReadProcessMemory or WriteProcessMemory request was completed. (0x12B)
[0815/161528.374:WARNING:pe_image_reader.cc(340)] could not read dos header from C:\WINDOWS\system32\KERNEL32.DLL
[0815/161528.374:ERROR:process_memory_win.cc(73)] ReadMemory at 0x7ffb7fdc0000 of 64 bytes failed: Only part of a ReadProcessMemory or WriteProcessMemory request was completed. (0x12B)
[0815/161528.374:WARNING:pe_image_reader.cc(340)] could not read dos header from C:\WINDOWS\system32\KERNELBASE.dll
[0815/161528.374:ERROR:process_memory_win.cc(73)] ReadMemory at 0x7ffb670d0000 of 64 bytes failed: Only part of a ReadProcessMemory or WriteProcessMemory request was completed. (0x12B)
[0815/161528.374:WARNING:pe_image_reader.cc(340)] could not read dos header from C:\Program Files (x86)\Google\Chrome\Application\84.0.4147.125\chrome_elf.dll
[0815/161528.375:ERROR:process_memory_win.cc(73)] ReadMemory at 0x7ffb7d4f0000 of 64 bytes failed: Only part of a ReadProcessMemory or WriteProcessMemory request was completed. (0x12B)
[0815/161528.375:WARNING:pe_image_reader.cc(340)] could not read dos header from C:\WINDOWS\SYSTEM32\VERSION.dll
[0815/161528.375:ERROR:process_memory_win.cc(73)] ReadMemory at 0x7ffb80970000 of 64 bytes failed: Only part of a ReadProcessMemory or WriteProcessMemory request was completed. (0x12B)
[0815/161528.375:WARNING:pe_image_reader.cc(340)] could not read dos header from C:\WINDOWS\system32\msvcrt.dll
[0815/161528.375:ERROR:process_memory_win.cc(73)] ReadMemory at 0x7ffb82760000 of 64 bytes failed: Only part of a ReadProcessMemory or WriteProcessMemory request was completed. (0x12B)
[0815/161528.375:WARNING:pe_image_reader.cc(340)] could not read dos header from C:\WINDOWS\system32\ADVAPI32.dll
[0815/161528.375:ERROR:process_memory_win.cc(73)] ReadMemory at 0x7ffb82810000 of 64 bytes failed: Only part of a ReadProcessMemory or WriteProcessMemory request was completed. (0x12B)
[0815/161528.375:WARNING:pe_image_reader.cc(340)] could not read dos header from C:\WINDOWS\SYSTEM32\sechost.dll
[0815/161528.375:ERROR:process_memory_win.cc(73)] ReadMemory at 0x7ffb805d0000 of 64 bytes failed: Only part of a ReadProcessMemory or WriteProcessMemory request was completed. (0x12B)
[0815/161528.375:WARNING:pe_image_reader.cc(340)] could not read dos header from C:\WINDOWS\system32\RPCRT4.dll
[0815/161528.375:ERROR:process_memory_win.cc(73)] ReadMemory at 0x7ffb800c0000 of 64 bytes failed: Only part of a ReadProcessMemory or WriteProcessMemory request was completed. (0x12B)
[0815/161528.375:WARNING:pe_image_reader.cc(340)] could not read dos header from C:\WINDOWS\system32\SspiCli.dll
[0815/161528.375:ERROR:process_memory_win.cc(73)] ReadMemory at 0x7ffb3bee0000 of 64 bytes failed: Only part of a ReadProcessMemory or WriteProcessMemory request was completed. (0x12B)
[0815/161528.375:WARNING:pe_image_reader.cc(340)] could not read dos header from C:\Program Files (x86)\Google\Chrome\Application\84.0.4147.125\chrome.dll
[0815/161528.376:ERROR:process_memory_win.cc(73)] ReadMemory at 0x7ffb80570000 of 64 bytes failed: Only part of a ReadProcessMemory or WriteProcessMemory request was completed. (0x12B)
[0815/161528.376:WARNING:pe_image_reader.cc(340)] could not read dos header from C:\WINDOWS\system32\WS2_32.dll
[0815/161528.376:ERROR:process_memory_win.cc(73)] ReadMemory at 0x7ffb7aad0000 of 64 bytes failed: Only part of a ReadProcessMemory or WriteProcessMemory request was completed. (0x12B)
[0815/161528.376:WARNING:pe_image_reader.cc(340)] could not read dos header from C:\WINDOWS\SYSTEM32\IPHLPAPI.DLL
[0815/161528.376:ERROR:process_memory_win.cc(73)] ReadMemory at 0x7ffb804a0000 of 64 bytes failed: Only part of a ReadProcessMemory or WriteProcessMemory request was completed. (0x12B)
[0815/161528.376:WARNING:pe_image_reader.cc(340)] could not read dos header from C:\WINDOWS\system32\OLEAUT32.dll
[0815/161528.376:ERROR:process_memory_win.cc(73)] ReadMemory at 0x7ffb741b0000 of 64 bytes failed: Only part of a ReadProcessMemory or WriteProcessMemory request was completed. (0x12B)
[0815/161528.376:WARNING:pe_image_reader.cc(340)] could not read dos header from C:\WINDOWS\SYSTEM32\WINMM.dll
[0815/161528.376:ERROR:process_memory_win.cc(73)] ReadMemory at 0x7ffb7d480000 of 64 bytes failed: Only part of a ReadProcessMemory or WriteProcessMemory request was completed. (0x12B)
[0815/161528.376:WARNING:pe_image_reader.cc(340)] could not read dos header from C:\WINDOWS\SYSTEM32\Secur32.dll
[0815/161528.376:ERROR:process_memory_win.cc(73)] ReadMemory at 0x7ffb7f270000 of 64 bytes failed: Only part of a ReadProcessMemory or WriteProcessMemory request was completed. (0x12B)
[0815/161528.376:WARNING:pe_image_reader.cc(340)] could not read dos header from C:\WINDOWS\SYSTEM32\USERENV.dll
[0815/161528.376:ERROR:process_memory_win.cc(73)] ReadMemory at 0x7ffb801a0000 of 64 bytes failed: Only part of a ReadProcessMemory or WriteProcessMemory request was completed. (0x12B)
[0815/161528.377:WARNING:pe_image_reader.cc(340)] could not read dos header from C:\WINDOWS\system32\WINTRUST.dll
[0815/161528.377:ERROR:process_memory_win.cc(73)] ReadMemory at 0x7ffb78660000 of 64 bytes failed: Only part of a ReadProcessMemory or WriteProcessMemory request was completed. (0x12B)
[0815/161528.377:WARNING:pe_image_reader.cc(340)] could not read dos header from C:\WINDOWS\SYSTEM32\UIAutomationCore.DLL
[0815/161528.377:ERROR:process_memory_win.cc(73)] ReadMemory at 0x7ffb7fee0000 of 64 bytes failed: Only part of a ReadProcessMemory or WriteProcessMemory request was completed. (0x12B)
[0815/161528.377:WARNING:pe_image_reader.cc(340)] could not read dos header from C:\WINDOWS\system32\CRYPT32.dll
[0815/161528.377:ERROR:process_memory_win.cc(73)] ReadMemory at 0x7ffb7b390000 of 64 bytes failed: Only part of a ReadProcessMemory or WriteProcessMemory request was completed. (0x12B)
[0815/161528.377:WARNING:pe_image_reader.cc(340)] could not read dos header from C:\WINDOWS\SYSTEM32\DWrite.dll
[0815/161528.377:ERROR:process_memory_win.cc(73)] ReadMemory at 0x7ffb76440000 of 64 bytes failed: Only part of a ReadProcessMemory or WriteProcessMemory request was completed. (0x12B)
[0815/161528.377:WARNING:pe_image_reader.cc(340)] could not read dos header from C:\WINDOWS\SYSTEM32\WINSPOOL.DRV
[0815/161528.377:ERROR:process_memory_win.cc(73)] ReadMemory at 0x7ffb7b580000 of 64 bytes failed: Only part of a ReadProcessMemory or WriteProcessMemory request was completed. (0x12B)
[0815/161528.377:WARNING:pe_image_reader.cc(340)] could not read dos header from C:\WINDOWS\SYSTEM32\dbghelp.dll
[0815/161528.377:ERROR:process_memory_win.cc(73)] ReadMemory at 0x7ffb74230000 of 64 bytes failed: Only part of a ReadProcessMemory or WriteProcessMemory request was completed. (0x12B)
[0815/161528.377:WARNING:pe_image_reader.cc(340)] could not read dos header from C:\WINDOWS\SYSTEM32\WINHTTP.dll
[0815/161528.377:ERROR:process_memory_win.cc(73)] ReadMemory at 0x7ffb7a5d0000 of 64 bytes failed: Only part of a ReadProcessMemory or WriteProcessMemory request was completed. (0x12B)
[0815/161528.378:WARNING:pe_image_reader.cc(340)] could not read dos header from C:\WINDOWS\SYSTEM32\dhcpcsvc.DLL
[0815/161528.378:ERROR:process_memory_win.cc(73)] ReadMemory at 0x7ffb82550000 of 64 bytes failed: Only part of a ReadProcessMemory or WriteProcessMemory request was completed. (0x12B)
[0815/161528.378:WARNING:pe_image_reader.cc(340)] could not read dos header from C:\WINDOWS\system32\NSI.dll
[0815/161528.378:ERROR:process_memory_win.cc(73)] ReadMemory at 0x7ffb7aa60000 of 64 bytes failed: Only part of a ReadProcessMemory or WriteProcessMemory request was completed. (0x12B)
[0815/161528.378:WARNING:pe_image_reader.cc(340)] could not read dos header from C:\WINDOWS\SYSTEM32\WINNSI.DLL
[0815/161528.378:ERROR:process_memory_win.cc(73)] ReadMemory at 0x7ffb82010000 of 64 bytes failed: Only part of a ReadProcessMemory or WriteProcessMemory request was completed. (0x12B)
[0815/161528.378:WARNING:pe_image_reader.cc(340)] could not read dos header from C:\WINDOWS\system32\combase.dll
[0815/161528.378:ERROR:process_memory_win.cc(73)] ReadMemory at 0x7ffb73e70000 of 64 bytes failed: Only part of a ReadProcessMemory or WriteProcessMemory request was completed. (0x12B)
[0815/161528.378:WARNING:pe_image_reader.cc(340)] could not read dos header from C:\WINDOWS\SYSTEM32\WINMMBASE.dll
[0815/161528.379:ERROR:process_memory_win.cc(73)] ReadMemory at 0x7ffb82280000 of 64 bytes failed: Only part of a ReadProcessMemory or WriteProcessMemory request was completed. (0x12B)
[0815/161528.379:WARNING:pe_image_reader.cc(340)] could not read dos header from C:\WINDOWS\system32\USER32.dll
[0815/161528.379:ERROR:process_memory_win.cc(73)] ReadMemory at 0x7ffb7fca0000 of 64 bytes failed: Only part of a ReadProcessMemory or WriteProcessMemory request was completed. (0x12B)
[0815/161528.379:WARNING:pe_image_reader.cc(340)] could not read dos header from C:\WINDOWS\SYSTEM32\profapi.dll
[0815/161528.379:ERROR:process_memory_win.cc(73)] ReadMemory at 0x7ffb7fd50000 of 64 bytes failed: Only part of a ReadProcessMemory or WriteProcessMemory request was completed. (0x12B)
[0815/161528.379:WARNING:pe_image_reader.cc(340)] could not read dos header from C:\WINDOWS\system32\MSASN1.dll
[0815/161528.379:ERROR:process_memory_win.cc(73)] ReadMemory at 0x7ffb7fd70000 of 64 bytes failed: Only part of a ReadProcessMemory or WriteProcessMemory request was completed. (0x12B)
[0815/161528.379:WARNING:pe_image_reader.cc(340)] could not read dos header from C:\WINDOWS\SYSTEM32\cfgmgr32.dll
[0815/161528.379:ERROR:process_memory_win.cc(73)] ReadMemory at 0x7ffb7eaf0000 of 64 bytes failed: Only part of a ReadProcessMemory or WriteProcessMemory request was completed. (0x12B)
[0815/161528.379:WARNING:pe_image_reader.cc(340)] could not read dos header from C:\WINDOWS\SYSTEM32\DEVOBJ.dll
[0815/161528.379:ERROR:process_memory_win.cc(73)] ReadMemory at 0x5dd6880000 of 64 bytes failed: Only part of a ReadProcessMemory or WriteProcessMemory request was completed. (0x12B)
[0815/161528.380:WARNING:pe_image_reader.cc(340)] could not read dos header from C:\WINDOWS\system32\GDI32.dll
[0815/161528.380:ERROR:process_memory_win.cc(73)] ReadMemory at 0x7ffb82240000 of 64 bytes failed: Only part of a ReadProcessMemory or WriteProcessMemory request was completed. (0x12B)
[0815/161528.380:WARNING:pe_image_reader.cc(340)] could not read dos header from C:\WINDOWS\system32\IMM32.DLL
[0815/161528.380:ERROR:process_memory_win.cc(73)] ReadMemory at 0x7ffb82580000 of 64 bytes failed: Only part of a ReadProcessMemory or WriteProcessMemory request was completed. (0x12B)
[0815/161528.380:WARNING:pe_image_reader.cc(340)] could not read dos header from C:\WINDOWS\system32\MSCTF.dll
[0815/161528.380:ERROR:process_memory_win.cc(73)] ReadMemory at 0x7ffb7fc10000 of 64 bytes failed: Only part of a ReadProcessMemory or WriteProcessMemory request was completed. (0x12B)
[0815/161528.380:WARNING:pe_image_reader.cc(340)] could not read dos header from C:\WINDOWS\SYSTEM32\CRYPTBASE.DLL
[0815/161528.380:ERROR:process_memory_win.cc(73)] ReadMemory at 0x7ffb7faa0000 of 64 bytes failed: Only part of a ReadProcessMemory or WriteProcessMemory request was completed. (0x12B)
[0815/161528.380:WARNING:pe_image_reader.cc(340)] could not read dos header from C:\WINDOWS\SYSTEM32\bcryptPrimitives.dll
[0815/161528.452:ERROR:process_memory_win.cc(73)] ReadMemory at 0x7ff6c3930000 of 64 bytes failed: Only part of a ReadProcessMemory or WriteProcessMemory request was completed. (0x12B)
[0815/161528.452:WARNING:pe_image_reader.cc(340)] could not read dos header from C:\Program Files (x86)\Google\Chrome\Application\chrome.exe
[0815/161528.453:ERROR:process_memory_win.cc(73)] ReadMemory at 0x7ffb82b70000 of 64 bytes failed: Only part of a ReadProcessMemory or WriteProcessMemory request was completed. (0x12B)
[0815/161528.453:WARNING:pe_image_reader.cc(340)] could not read dos header from C:\WINDOWS\SYSTEM32\ntdll.dll
[0815/161528.453:ERROR:process_memory_win.cc(73)] ReadMemory at 0x7ffb82870000 of 64 bytes failed: Only part of a ReadProcessMemory or WriteProcessMemory request was completed. (0x12B)
[0815/161528.453:WARNING:pe_image_reader.cc(340)] could not read dos header from C:\WINDOWS\system32\KERNEL32.DLL
[0815/161528.453:ERROR:process_memory_win.cc(73)] ReadMemory at 0x7ffb7fdc0000 of 64 bytes failed: Only part of a ReadProcessMemory or WriteProcessMemory request was completed. (0x12B)
[0815/161528.453:WARNING:pe_image_reader.cc(340)] could not read dos header from C:\WINDOWS\system32\KERNELBASE.dll
[0815/161528.453:ERROR:process_memory_win.cc(73)] ReadMemory at 0x7ffb670d0000 of 64 bytes failed: Only part of a ReadProcessMemory or WriteProcessMemory request was completed. (0x12B)
[0815/161528.453:WARNING:pe_image_reader.cc(340)] could not read dos header from C:\Program Files (x86)\Google\Chrome\Application\84.0.4147.125\chrome_elf.dll
[0815/161528.453:ERROR:process_memory_win.cc(73)] ReadMemory at 0x7ffb7d4f0000 of 64 bytes failed: Only part of a ReadProcessMemory or WriteProcessMemory request was completed. (0x12B)
[0815/161528.453:WARNING:pe_image_reader.cc(340)] could not read dos header from C:\WINDOWS\SYSTEM32\VERSION.dll
[0815/161528.453:ERROR:process_memory_win.cc(73)] ReadMemory at 0x7ffb80970000 of 64 bytes failed: Only part of a ReadProcessMemory or WriteProcessMemory request was completed. (0x12B)
[0815/161528.453:WARNING:pe_image_reader.cc(340)] could not read dos header from C:\WINDOWS\system32\msvcrt.dll
[0815/161528.453:ERROR:process_memory_win.cc(73)] ReadMemory at 0x7ffb82760000 of 64 bytes failed: Only part of a ReadProcessMemory or WriteProcessMemory request was completed. (0x12B)
[0815/161528.453:WARNING:pe_image_reader.cc(340)] could not read dos header from C:\WINDOWS\system32\ADVAPI32.dll
[0815/161528.454:ERROR:process_memory_win.cc(73)] ReadMemory at 0x7ffb82810000 of 64 bytes failed: Only part of a ReadProcessMemory or WriteProcessMemory request was completed. (0x12B)
[0815/161528.454:WARNING:pe_image_reader.cc(340)] could not read dos header from C:\WINDOWS\SYSTEM32\sechost.dll
[0815/161528.454:ERROR:process_memory_win.cc(73)] ReadMemory at 0x7ffb805d0000 of 64 bytes failed: Only part of a ReadProcessMemory or WriteProcessMemory request was completed. (0x12B)
[0815/161528.454:WARNING:pe_image_reader.cc(340)] could not read dos header from C:\WINDOWS\system32\RPCRT4.dll
[0815/161528.454:ERROR:process_memory_win.cc(73)] ReadMemory at 0x7ffb800c0000 of 64 bytes failed: Only part of a ReadProcessMemory or WriteProcessMemory request was completed. (0x12B)
[0815/161528.454:WARNING:pe_image_reader.cc(340)] could not read dos header from C:\WINDOWS\system32\SspiCli.dll
[0815/161528.454:ERROR:process_memory_win.cc(73)] ReadMemory at 0x7ffb3bee0000 of 64 bytes failed: Only part of a ReadProcessMemory or WriteProcessMemory request was completed. (0x12B)
[0815/161528.454:WARNING:pe_image_reader.cc(340)] could not read dos header from C:\Program Files (x86)\Google\Chrome\Application\84.0.4147.125\chrome.dll
[0815/161528.454:ERROR:process_memory_win.cc(73)] ReadMemory at 0x7ffb80570000 of 64 bytes failed: Only part of a ReadProcessMemory or WriteProcessMemory request was completed. (0x12B)
[0815/161528.454:WARNING:pe_image_reader.cc(340)] could not read dos header from C:\WINDOWS\system32\WS2_32.dll
[0815/161528.454:ERROR:process_memory_win.cc(73)] ReadMemory at 0x7ffb7aad0000 of 64 bytes failed: Only part of a ReadProcessMemory or WriteProcessMemory request was completed. (0x12B)
[0815/161528.454:WARNING:pe_image_reader.cc(340)] could not read dos header from C:\WINDOWS\SYSTEM32\IPHLPAPI.DLL
[0815/161528.454:ERROR:process_memory_win.cc(73)] ReadMemory at 0x7ffb804a0000 of 64 bytes failed: Only part of a ReadProcessMemory or WriteProcessMemory request was completed. (0x12B)
[0815/161528.455:WARNING:pe_image_reader.cc(340)] could not read dos header from C:\WINDOWS\system32\OLEAUT32.dll
[0815/161528.455:ERROR:process_memory_win.cc(73)] ReadMemory at 0x7ffb741b0000 of 64 bytes failed: Only part of a ReadProcessMemory or WriteProcessMemory request was completed. (0x12B)
[0815/161528.455:WARNING:pe_image_reader.cc(340)] could not read dos header from C:\WINDOWS\SYSTEM32\WINMM.dll
[0815/161528.455:ERROR:process_memory_win.cc(73)] ReadMemory at 0x7ffb7d480000 of 64 bytes failed: Only part of a ReadProcessMemory or WriteProcessMemory request was completed. (0x12B)
[0815/161528.455:WARNING:pe_image_reader.cc(340)] could not read dos header from C:\WINDOWS\SYSTEM32\Secur32.dll
[0815/161528.455:ERROR:process_memory_win.cc(73)] ReadMemory at 0x7ffb7f270000 of 64 bytes failed: Only part of a ReadProcessMemory or WriteProcessMemory request was completed. (0x12B)
[0815/161528.455:WARNING:pe_image_reader.cc(340)] could not read dos header from C:\WINDOWS\SYSTEM32\USERENV.dll
[0815/161528.455:ERROR:process_memory_win.cc(73)] ReadMemory at 0x7ffb801a0000 of 64 bytes failed: Only part of a ReadProcessMemory or WriteProcessMemory request was completed. (0x12B)
[0815/161528.455:WARNING:pe_image_reader.cc(340)] could not read dos header from C:\WINDOWS\system32\WINTRUST.dll
[0815/161528.455:ERROR:process_memory_win.cc(73)] ReadMemory at 0x7ffb78660000 of 64 bytes failed: Only part of a ReadProcessMemory or WriteProcessMemory request was completed. (0x12B)
[0815/161528.455:WARNING:pe_image_reader.cc(340)] could not read dos header from C:\WINDOWS\SYSTEM32\UIAutomationCore.DLL
[0815/161528.455:ERROR:process_memory_win.cc(73)] ReadMemory at 0x7ffb7fee0000 of 64 bytes failed: Only part of a ReadProcessMemory or WriteProcessMemory request was completed. (0x12B)
[0815/161528.456:WARNING:pe_image_reader.cc(340)] could not read dos header from C:\WINDOWS\system32\CRYPT32.dll
[0815/161528.456:ERROR:process_memory_win.cc(73)] ReadMemory at 0x7ffb7b390000 of 64 bytes failed: Only part of a ReadProcessMemory or WriteProcessMemory request was completed. (0x12B)
[0815/161528.456:WARNING:pe_image_reader.cc(340)] could not read dos header from C:\WINDOWS\SYSTEM32\DWrite.dll
[0815/161528.456:ERROR:process_memory_win.cc(73)] ReadMemory at 0x7ffb76440000 of 64 bytes failed: Only part of a ReadProcessMemory or WriteProcessMemory request was completed. (0x12B)
[0815/161528.456:WARNING:pe_image_reader.cc(340)] could not read dos header from C:\WINDOWS\SYSTEM32\WINSPOOL.DRV
[0815/161528.456:ERROR:process_memory_win.cc(73)] ReadMemory at 0x7ffb7b580000 of 64 bytes failed: Only part of a ReadProcessMemory or WriteProcessMemory request was completed. (0x12B)
[0815/161528.456:WARNING:pe_image_reader.cc(340)] could not read dos header from C:\WINDOWS\SYSTEM32\dbghelp.dll
[0815/161528.456:ERROR:process_memory_win.cc(73)] ReadMemory at 0x7ffb74230000 of 64 bytes failed: Only part of a ReadProcessMemory or WriteProcessMemory request was completed. (0x12B)
[0815/161528.456:WARNING:pe_image_reader.cc(340)] could not read dos header from C:\WINDOWS\SYSTEM32\WINHTTP.dll
[0815/161528.456:ERROR:process_memory_win.cc(73)] ReadMemory at 0x7ffb7a5d0000 of 64 bytes failed: Only part of a ReadProcessMemory or WriteProcessMemory request was completed. (0x12B)
[0815/161528.456:WARNING:pe_image_reader.cc(340)] could not read dos header from C:\WINDOWS\SYSTEM32\dhcpcsvc.DLL
[0815/161528.456:ERROR:process_memory_win.cc(73)] ReadMemory at 0x7ffb82550000 of 64 bytes failed: Only part of a ReadProcessMemory or WriteProcessMemory request was completed. (0x12B)
[0815/161528.456:WARNING:pe_image_reader.cc(340)] could not read dos header from C:\WINDOWS\system32\NSI.dll
[0815/161528.457:ERROR:process_memory_win.cc(73)] ReadMemory at 0x7ffb7aa60000 of 64 bytes failed: Only part of a ReadProcessMemory or WriteProcessMemory request was completed. (0x12B)
[0815/161528.457:WARNING:pe_image_reader.cc(340)] could not read dos header from C:\WINDOWS\SYSTEM32\WINNSI.DLL
[0815/161528.457:ERROR:process_memory_win.cc(73)] ReadMemory at 0x7ffb82010000 of 64 bytes failed: Only part of a ReadProcessMemory or WriteProcessMemory request was completed. (0x12B)
[0815/161528.457:WARNING:pe_image_reader.cc(340)] could not read dos header from C:\WINDOWS\system32\combase.dll
[0815/161528.457:ERROR:process_memory_win.cc(73)] ReadMemory at 0x7ffb73e70000 of 64 bytes failed: Only part of a ReadProcessMemory or WriteProcessMemory request was completed. (0x12B)
[0815/161528.457:WARNING:pe_image_reader.cc(340)] could not read dos header from C:\WINDOWS\SYSTEM32\WINMMBASE.dll
[0815/161528.457:ERROR:process_memory_win.cc(73)] ReadMemory at 0x7ffb82280000 of 64 bytes failed: Only part of a ReadProcessMemory or WriteProcessMemory request was completed. (0x12B)
[0815/161528.457:WARNING:pe_image_reader.cc(340)] could not read dos header from C:\WINDOWS\system32\USER32.dll
[0815/161528.457:ERROR:process_memory_win.cc(73)] ReadMemory at 0x7ffb7fca0000 of 64 bytes failed: Only part of a ReadProcessMemory or WriteProcessMemory request was completed. (0x12B)
[0815/161528.457:WARNING:pe_image_reader.cc(340)] could not read dos header from C:\WINDOWS\SYSTEM32\profapi.dll
[0815/161528.457:ERROR:process_memory_win.cc(73)] ReadMemory at 0x7ffb7fd50000 of 64 bytes failed: Only part of a ReadProcessMemory or WriteProcessMemory request was completed. (0x12B)
[0815/161528.457:WARNING:pe_image_reader.cc(340)] could not read dos header from C:\WINDOWS\system32\MSASN1.dll
[0815/161528.457:ERROR:process_memory_win.cc(73)] ReadMemory at 0x7ffb7fd70000 of 64 bytes failed: Only part of a ReadProcessMemory or WriteProcessMemory request was completed. (0x12B)
[0815/161528.457:WARNING:pe_image_reader.cc(340)] could not read dos header from C:\WINDOWS\SYSTEM32\cfgmgr32.dll
[0815/161528.458:ERROR:process_memory_win.cc(73)] ReadMemory at 0x7ffb7eaf0000 of 64 bytes failed: Only part of a ReadProcessMemory or WriteProcessMemory request was completed. (0x12B)
[0815/161528.458:WARNING:pe_image_reader.cc(340)] could not read dos header from C:\WINDOWS\SYSTEM32\DEVOBJ.dll
[0815/161528.458:ERROR:process_memory_win.cc(73)] ReadMemory at 0x5dd6880000 of 64 bytes failed: Only part of a ReadProcessMemory or WriteProcessMemory request was completed. (0x12B)
[0815/161528.458:WARNING:pe_image_reader.cc(340)] could not read dos header from C:\WINDOWS\system32\GDI32.dll
[0815/161528.458:ERROR:process_memory_win.cc(73)] ReadMemory at 0x7ffb82240000 of 64 bytes failed: Only part of a ReadProcessMemory or WriteProcessMemory request was completed. (0x12B)
[0815/161528.458:WARNING:pe_image_reader.cc(340)] could not read dos header from C:\WINDOWS\system32\IMM32.DLL
[0815/161528.458:ERROR:process_memory_win.cc(73)] ReadMemory at 0x7ffb82580000 of 64 bytes failed: Only part of a ReadProcessMemory or WriteProcessMemory request was completed. (0x12B)
[0815/161528.458:WARNING:pe_image_reader.cc(340)] could not read dos header from C:\WINDOWS\system32\MSCTF.dll
[0815/161528.458:ERROR:process_memory_win.cc(73)] ReadMemory at 0x7ffb7fc10000 of 64 bytes failed: Only part of a ReadProcessMemory or WriteProcessMemory request was completed. (0x12B)
[0815/161528.458:WARNING:pe_image_reader.cc(340)] could not read dos header from C:\WINDOWS\SYSTEM32\CRYPTBASE.DLL
[0815/161528.458:ERROR:process_memory_win.cc(73)] ReadMemory at 0x7ffb7faa0000 of 64 bytes failed: Only part of a ReadProcessMemory or WriteProcessMemory request was completed. (0x12B)
[0815/161528.458:WARNING:pe_image_reader.cc(340)] could not read dos header from C:\WINDOWS\SYSTEM32\bcryptPrimitives.dll
[0815/161528.458:ERROR:process_memory_win.cc(73)] ReadMemory at 0x7ff6c3930000 of 64 bytes failed: Only part of a ReadProcessMemory or WriteProcessMemory request was completed. (0x12B)
[0815/161528.458:WARNING:pe_image_reader.cc(340)] could not read dos header from C:\Program Files (x86)\Google\Chrome\Application\chrome.exe
[0815/161528.459:ERROR:process_memory_win.cc(73)] ReadMemory at 0x7ffb82b70000 of 64 bytes failed: Only part of a ReadProcessMemory or WriteProcessMemory request was completed. (0x12B)
[0815/161528.459:WARNING:pe_image_reader.cc(340)] could not read dos header from C:\WINDOWS\SYSTEM32\ntdll.dll
[0815/161528.459:ERROR:process_memory_win.cc(73)] ReadMemory at 0x7ffb82870000 of 64 bytes failed: Only part of a ReadProcessMemory or WriteProcessMemory request was completed. (0x12B)
[0815/161528.459:WARNING:pe_image_reader.cc(340)] could not read dos header from C:\WINDOWS\system32\KERNEL32.DLL
[0815/161528.459:ERROR:process_memory_win.cc(73)] ReadMemory at 0x7ffb7fdc0000 of 64 bytes failed: Only part of a ReadProcessMemory or WriteProcessMemory request was completed. (0x12B)
[0815/161528.459:WARNING:pe_image_reader.cc(340)] could not read dos header from C:\WINDOWS\system32\KERNELBASE.dll
[0815/161528.459:ERROR:process_memory_win.cc(73)] ReadMemory at 0x7ffb670d0000 of 64 bytes failed: Only part of a ReadProcessMemory or WriteProcessMemory request was completed. (0x12B)
[0815/161528.459:WARNING:pe_image_reader.cc(340)] could not read dos header from C:\Program Files (x86)\Google\Chrome\Application\84.0.4147.125\chrome_elf.dll
[0815/161528.459:ERROR:process_memory_win.cc(73)] ReadMemory at 0x7ffb7d4f0000 of 64 bytes failed: Only part of a ReadProcessMemory or WriteProcessMemory request was completed. (0x12B)
[0815/161528.459:WARNING:pe_image_reader.cc(340)] could not read dos header from C:\WINDOWS\SYSTEM32\VERSION.dll
[0815/161528.459:ERROR:process_memory_win.cc(73)] ReadMemory at 0x7ffb80970000 of 64 bytes failed: Only part of a ReadProcessMemory or WriteProcessMemory request was completed. (0x12B)
[0815/161528.459:WARNING:pe_image_reader.cc(340)] could not read dos header from C:\WINDOWS\system32\msvcrt.dll
[0815/161528.459:ERROR:process_memory_win.cc(73)] ReadMemory at 0x7ffb82760000 of 64 bytes failed: Only part of a ReadProcessMemory or WriteProcessMemory request was completed. (0x12B)
[0815/161528.460:WARNING:pe_image_reader.cc(340)] could not read dos header from C:\WINDOWS\system32\ADVAPI32.dll
[0815/161528.460:ERROR:process_memory_win.cc(73)] ReadMemory at 0x7ffb82810000 of 64 bytes failed: Only part of a ReadProcessMemory or WriteProcessMemory request was completed. (0x12B)
[0815/161528.460:WARNING:pe_image_reader.cc(340)] could not read dos header from C:\WINDOWS\SYSTEM32\sechost.dll
[0815/161528.460:ERROR:process_memory_win.cc(73)] ReadMemory at 0x7ffb805d0000 of 64 bytes failed: Only part of a ReadProcessMemory or WriteProcessMemory request was completed. (0x12B)
[0815/161528.460:WARNING:pe_image_reader.cc(340)] could not read dos header from C:\WINDOWS\system32\RPCRT4.dll
[0815/161528.460:ERROR:process_memory_win.cc(73)] ReadMemory at 0x7ffb800c0000 of 64 bytes failed: Only part of a ReadProcessMemory or WriteProcessMemory request was completed. (0x12B)
[0815/161528.460:WARNING:pe_image_reader.cc(340)] could not read dos header from C:\WINDOWS\system32\SspiCli.dll
[0815/161528.460:ERROR:process_memory_win.cc(73)] ReadMemory at 0x7ffb3bee0000 of 64 bytes failed: Only part of a ReadProcessMemory or WriteProcessMemory request was completed. (0x12B)
[0815/161528.460:WARNING:pe_image_reader.cc(340)] could not read dos header from C:\Program Files (x86)\Google\Chrome\Application\84.0.4147.125\chrome.dll
[0815/161528.460:ERROR:process_memory_win.cc(73)] ReadMemory at 0x7ffb80570000 of 64 bytes failed: Only part of a ReadProcessMemory or WriteProcessMemory request was completed. (0x12B)
[0815/161528.460:WARNING:pe_image_reader.cc(340)] could not read dos header from C:\WINDOWS\system32\WS2_32.dll
[0815/161528.460:ERROR:process_memory_win.cc(73)] ReadMemory at 0x7ffb7aad0000 of 64 bytes failed: Only part of a ReadProcessMemory or WriteProcessMemory request was completed. (0x12B)
[0815/161528.460:WARNING:pe_image_reader.cc(340)] could not read dos header from C:\WINDOWS\SYSTEM32\IPHLPAPI.DLL
[0815/161528.460:ERROR:process_memory_win.cc(73)] ReadMemory at 0x7ffb804a0000 of 64 bytes failed: Only part of a ReadProcessMemory or WriteProcessMemory request was completed. (0x12B)
[0815/161528.461:WARNING:pe_image_reader.cc(340)] could not read dos header from C:\WINDOWS\system32\OLEAUT32.dll
[0815/161528.461:ERROR:process_memory_win.cc(73)] ReadMemory at 0x7ffb741b0000 of 64 bytes failed: Only part of a ReadProcessMemory or WriteProcessMemory request was completed. (0x12B)
[0815/161528.461:WARNING:pe_image_reader.cc(340)] could not read dos header from C:\WINDOWS\SYSTEM32\WINMM.dll
[0815/161528.461:ERROR:process_memory_win.cc(73)] ReadMemory at 0x7ffb7d480000 of 64 bytes failed: Only part of a ReadProcessMemory or WriteProcessMemory request was completed. (0x12B)
[0815/161528.461:WARNING:pe_image_reader.cc(340)] could not read dos header from C:\WINDOWS\SYSTEM32\Secur32.dll
[0815/161528.461:ERROR:process_memory_win.cc(73)] ReadMemory at 0x7ffb7f270000 of 64 bytes failed: Only part of a ReadProcessMemory or WriteProcessMemory request was completed. (0x12B)
[0815/161528.461:WARNING:pe_image_reader.cc(340)] could not read dos header from C:\WINDOWS\SYSTEM32\USERENV.dll
[0815/161528.461:ERROR:process_memory_win.cc(73)] ReadMemory at 0x7ffb801a0000 of 64 bytes failed: Only part of a ReadProcessMemory or WriteProcessMemory request was completed. (0x12B)
[0815/161528.461:WARNING:pe_image_reader.cc(340)] could not read dos header from C:\WINDOWS\system32\WINTRUST.dll
[0815/161528.461:ERROR:process_memory_win.cc(73)] ReadMemory at 0x7ffb78660000 of 64 bytes failed: Only part of a ReadProcessMemory or WriteProcessMemory request was completed. (0x12B)
[0815/161528.461:WARNING:pe_image_reader.cc(340)] could not read dos header from C:\WINDOWS\SYSTEM32\UIAutomationCore.DLL
[0815/161528.461:ERROR:process_memory_win.cc(73)] ReadMemory at 0x7ffb7fee0000 of 64 bytes failed: Only part of a ReadProcessMemory or WriteProcessMemory request was completed. (0x12B)
[0815/161528.461:WARNING:pe_image_reader.cc(340)] could not read dos header from C:\WINDOWS\system32\CRYPT32.dll
[0815/161528.461:ERROR:process_memory_win.cc(73)] ReadMemory at 0x7ffb7b390000 of 64 bytes failed: Only part of a ReadProcessMemory or WriteProcessMemory request was completed. (0x12B)
[0815/161528.462:WARNING:pe_image_reader.cc(340)] could not read dos header from C:\WINDOWS\SYSTEM32\DWrite.dll
[0815/161528.462:ERROR:process_memory_win.cc(73)] ReadMemory at 0x7ffb76440000 of 64 bytes failed: Only part of a ReadProcessMemory or WriteProcessMemory request was completed. (0x12B)
[0815/161528.462:WARNING:pe_image_reader.cc(340)] could not read dos header from C:\WINDOWS\SYSTEM32\WINSPOOL.DRV
[0815/161528.462:ERROR:process_memory_win.cc(73)] ReadMemory at 0x7ffb7b580000 of 64 bytes failed: Only part of a ReadProcessMemory or WriteProcessMemory request was completed. (0x12B)
[0815/161528.462:WARNING:pe_image_reader.cc(340)] could not read dos header from C:\WINDOWS\SYSTEM32\dbghelp.dll
[0815/161528.462:ERROR:process_memory_win.cc(73)] ReadMemory at 0x7ffb74230000 of 64 bytes failed: Only part of a ReadProcessMemory or WriteProcessMemory request was completed. (0x12B)
[0815/161528.462:WARNING:pe_image_reader.cc(340)] could not read dos header from C:\WINDOWS\SYSTEM32\WINHTTP.dll
[0815/161528.462:ERROR:process_memory_win.cc(73)] ReadMemory at 0x7ffb7a5d0000 of 64 bytes failed: Only part of a ReadProcessMemory or WriteProcessMemory request was completed. (0x12B)
[0815/161528.462:WARNING:pe_image_reader.cc(340)] could not read dos header from C:\WINDOWS\SYSTEM32\dhcpcsvc.DLL
[0815/161528.462:ERROR:process_memory_win.cc(73)] ReadMemory at 0x7ffb82550000 of 64 bytes failed: Only part of a ReadProcessMemory or WriteProcessMemory request was completed. (0x12B)
[0815/161528.462:WARNING:pe_image_reader.cc(340)] could not read dos header from C:\WINDOWS\system32\NSI.dll
[0815/161528.462:ERROR:process_memory_win.cc(73)] ReadMemory at 0x7ffb7aa60000 of 64 bytes failed: Only part of a ReadProcessMemory or WriteProcessMemory request was completed. (0x12B)
[0815/161528.462:WARNING:pe_image_reader.cc(340)] could not read dos header from C:\WINDOWS\SYSTEM32\WINNSI.DLL
[0815/161528.463:ERROR:process_memory_win.cc(73)] ReadMemory at 0x7ffb82010000 of 64 bytes failed: Only part of a ReadProcessMemory or WriteProcessMemory request was completed. (0x12B)
[0815/161528.463:WARNING:pe_image_reader.cc(340)] could not read dos header from C:\WINDOWS\system32\combase.dll
[0815/161528.463:ERROR:process_memory_win.cc(73)] ReadMemory at 0x7ffb73e70000 of 64 bytes failed: Only part of a ReadProcessMemory or WriteProcessMemory request was completed. (0x12B)
[0815/161528.463:WARNING:pe_image_reader.cc(340)] could not read dos header from C:\WINDOWS\SYSTEM32\WINMMBASE.dll
[0815/161528.463:ERROR:process_memory_win.cc(73)] ReadMemory at 0x7ffb82280000 of 64 bytes failed: Only part of a ReadProcessMemory or WriteProcessMemory request was completed. (0x12B)
[0815/161528.463:WARNING:pe_image_reader.cc(340)] could not read dos header from C:\WINDOWS\system32\USER32.dll
[0815/161528.463:ERROR:process_memory_win.cc(73)] ReadMemory at 0x7ffb7fca0000 of 64 bytes failed: Only part of a ReadProcessMemory or WriteProcessMemory request was completed. (0x12B)
[0815/161528.463:WARNING:pe_image_reader.cc(340)] could not read dos header from C:\WINDOWS\SYSTEM32\profapi.dll
[0815/161528.463:ERROR:process_memory_win.cc(73)] ReadMemory at 0x7ffb7fd50000 of 64 bytes failed: Only part of a ReadProcessMemory or WriteProcessMemory request was completed. (0x12B)
[0815/161528.463:WARNING:pe_image_reader.cc(340)] could not read dos header from C:\WINDOWS\system32\MSASN1.dll
[0815/161528.463:ERROR:process_memory_win.cc(73)] ReadMemory at 0x7ffb7fd70000 of 64 bytes failed: Only part of a ReadProcessMemory or WriteProcessMemory request was completed. (0x12B)
[0815/161528.463:WARNING:pe_image_reader.cc(340)] could not read dos header from C:\WINDOWS\SYSTEM32\cfgmgr32.dll
[0815/161528.464:ERROR:process_memory_win.cc(73)] ReadMemory at 0x7ffb7eaf0000 of 64 bytes failed: Only part of a ReadProcessMemory or WriteProcessMemory request was completed. (0x12B)
[0815/161528.464:WARNING:pe_image_reader.cc(340)] could not read dos header from C:\WINDOWS\SYSTEM32\DEVOBJ.dll
[0815/161528.464:ERROR:process_memory_win.cc(73)] ReadMemory at 0x5dd6880000 of 64 bytes failed: Only part of a ReadProcessMemory or WriteProcessMemory request was completed. (0x12B)
[0815/161528.464:WARNING:pe_image_reader.cc(340)] could not read dos header from C:\WINDOWS\system32\GDI32.dll
[0815/161528.464:ERROR:process_memory_win.cc(73)] ReadMemory at 0x7ffb82240000 of 64 bytes failed: Only part of a ReadProcessMemory or WriteProcessMemory request was completed. (0x12B)
[0815/161528.464:WARNING:pe_image_reader.cc(340)] could not read dos header from C:\WINDOWS\system32\IMM32.DLL
[0815/161528.464:ERROR:process_memory_win.cc(73)] ReadMemory at 0x7ffb82580000 of 64 bytes failed: Only part of a ReadProcessMemory or WriteProcessMemory request was completed. (0x12B)
[0815/161528.464:WARNING:pe_image_reader.cc(340)] could not read dos header from C:\WINDOWS\system32\MSCTF.dll
[0815/161528.464:ERROR:process_memory_win.cc(73)] ReadMemory at 0x7ffb7fc10000 of 64 bytes failed: Only part of a ReadProcessMemory or WriteProcessMemory request was completed. (0x12B)
[0815/161528.464:WARNING:pe_image_reader.cc(340)] could not read dos header from C:\WINDOWS\SYSTEM32\CRYPTBASE.DLL
[0815/161528.464:ERROR:process_memory_win.cc(73)] ReadMemory at 0x7ffb7faa0000 of 64 bytes failed: Only part of a ReadProcessMemory or WriteProcessMemory request was completed. (0x12B)
[0815/161528.464:WARNING:pe_image_reader.cc(340)] could not read dos header from C:\WINDOWS\SYSTEM32\bcryptPrimitives.dll
[0815/161528.547:ERROR:process_memory_win.cc(73)] ReadMemory at 0x5dd61cd000 of 77824 bytes failed: Only part of a ReadProcessMemory or WriteProcessMemory request was completed. (0x12B)
[0815/161528.547:ERROR:process_memory_win.cc(73)] ReadMemory at 0x5dd853d000 of 12288 bytes failed: Only part of a ReadProcessMemory or WriteProcessMemory request was completed. (0x12B)
[0815/161528.548:ERROR:process_memory_win.cc(73)] ReadMemory at 0x5dd953d000 of 12288 bytes failed: Only part of a ReadProcessMemory or WriteProcessMemory request was completed. (0x12B)
[0815/161528.548:ERROR:process_memory_win.cc(73)] ReadMemory at 0x5dd9d3b000 of 20480 bytes failed: Only part of a ReadProcessMemory or WriteProcessMemory request was completed. (0x12B)
[0815/161528.548:ERROR:process_memory_win.cc(73)] ReadMemory at 0x5dda53f000 of 4096 bytes failed: Only part of a ReadProcessMemory or WriteProcessMemory request was completed. (0x12B)
[0815/161528.548:ERROR:process_memory_win.cc(73)] ReadMemory at 0x5ddad3c000 of 16384 bytes failed: Only part of a ReadProcessMemory or WriteProcessMemory request was completed. (0x12B)
[0815/161528.548:ERROR:process_memory_win.cc(73)] ReadMemory at 0x5ddb63b000 of 20480 bytes failed: Only part of a ReadProcessMemory or WriteProcessMemory request was completed. (0x12B)
[0815/161528.549:ERROR:process_memory_win.cc(73)] ReadMemory at 0x5ddce4d000 of 12288 bytes failed: Only part of a ReadProcessMemory or WriteProcessMemory request was completed. (0x12B)
[0815/161528.549:ERROR:process_memory_win.cc(73)] ReadMemory at 0x5ddd64a000 of 24576 bytes failed: Only part of a ReadProcessMemory or WriteProcessMemory request was completed. (0x12B)
[0815/161528.549:ERROR:process_memory_win.cc(73)] ReadMemory at 0x5ddde4a000 of 24576 bytes failed: Only part of a ReadProcessMemory or WriteProcessMemory request was completed. (0x12B)
[0815/161528.549:ERROR:process_memory_win.cc(73)] ReadMemory at 0x5dde84a000 of 24576 bytes failed: Only part of a ReadProcessMemory or WriteProcessMemory request was completed. (0x12B)
[0815/161528.549:ERROR:process_memory_win.cc(73)] ReadMemory at 0x5ddbe3d000 of 12288 bytes failed: Only part of a ReadProcessMemory or WriteProcessMemory request was completed. (0x12B)
[0815/161528.550:ERROR:process_memory_win.cc(73)] ReadMemory at 0x5de298d000 of 12288 bytes failed: Only part of a ReadProcessMemory or WriteProcessMemory request was completed. (0x12B)
[0815/161528.550:ERROR:process_memory_win.cc(73)] ReadMemory at 0x5ddf8ce000 of 8192 bytes failed: Only part of a ReadProcessMemory or WriteProcessMemory request was completed. (0x12B)
[0815/161528.550:ERROR:process_memory_win.cc(73)] ReadMemory at 0x5dd6240860 of 26562 bytes failed: Only part of a ReadProcessMemory or WriteProcessMemory request was completed. (0x12B)
[0815/161528.550:ERROR:process_memory_win.cc(73)] ReadMemory at 0x5dd6247030 of 1012 bytes failed: Only part of a ReadProcessMemory or WriteProcessMemory request was completed. (0x12B)
[0815/161528.550:ERROR:process_memory_win.cc(73)] ReadMemory at 0x5dd6247648 of 118 bytes failed: Only part of a ReadProcessMemory or WriteProcessMemory request was completed. (0x12B)
[0815/161528.550:ERROR:process_memory_win.cc(73)] ReadMemory at 0x5dd62476c0 of 758 bytes failed: Only part of a ReadProcessMemory or WriteProcessMemory request was completed. (0x12B)
[0815/161528.551:ERROR:process_memory_win.cc(73)] ReadMemory at 0x5dd62479b8 of 118 bytes failed: Only part of a ReadProcessMemory or WriteProcessMemory request was completed. (0x12B)
[0815/161528.551:ERROR:process_memory_win.cc(73)] ReadMemory at 0x5dd6247a30 of 100 bytes failed: Only part of a ReadProcessMemory or WriteProcessMemory request was completed. (0x12B)
[0815/161528.551:ERROR:process_memory_win.cc(73)] ReadMemory at 0x5dd6247aa0 of 58 bytes failed: Only part of a ReadProcessMemory or WriteProcessMemory request was completed. (0x12B)
[0815/161528.551:ERROR:process_memory_win.cc(73)] ReadMemory at 0x5dd6247ba0 of 132 bytes failed: Only part of a ReadProcessMemory or WriteProcessMemory request was completed. (0x12B)
[0815/161528.551:ERROR:process_memory_win.cc(73)] ReadMemory at 0x5dd6247d20 of 132 bytes failed: Only part of a ReadProcessMemory or WriteProcessMemory request was completed. (0x12B)
[0815/161528.551:ERROR:process_memory_win.cc(73)] ReadMemory at 0x5dd6247f30 of 126 bytes failed: Only part of a ReadProcessMemory or WriteProcessMemory request was completed. (0x12B)
[0815/161528.551:ERROR:process_memory_win.cc(73)] ReadMemory at 0x5dd6248220 of 64 bytes failed: Only part of a ReadProcessMemory or WriteProcessMemory request was completed. (0x12B)
[0815/161528.551:ERROR:process_memory_win.cc(73)] ReadMemory at 0x5dd6248270 of 132 bytes failed: Only part of a ReadProcessMemory or WriteProcessMemory request was completed. (0x12B)
[0815/161528.552:ERROR:process_memory_win.cc(73)] ReadMemory at 0x5dd6248530 of 154 bytes failed: Only part of a ReadProcessMemory or WriteProcessMemory request was completed. (0x12B)
[0815/161528.552:ERROR:process_memory_win.cc(73)] ReadMemory at 0x5dd62485e0 of 68 bytes failed: Only part of a ReadProcessMemory or WriteProcessMemory request was completed. (0x12B)
[0815/161528.552:ERROR:process_memory_win.cc(73)] ReadMemory at 0x5dd6248630 of 132 bytes failed: Only part of a ReadProcessMemory or WriteProcessMemory request was completed. (0x12B)
[0815/161528.552:ERROR:process_memory_win.cc(73)] ReadMemory at 0x5dd6249390 of 132 bytes failed: Only part of a ReadProcessMemory or WriteProcessMemory request was completed. (0x12B)
[0815/161528.552:ERROR:process_memory_win.cc(73)] ReadMemory at 0x5dd6249510 of 132 bytes failed: Only part of a ReadProcessMemory or WriteProcessMemory request was completed. (0x12B)
[0815/161528.552:ERROR:process_memory_win.cc(73)] ReadMemory at 0x5dd624b430 of 62 bytes failed: Only part of a ReadProcessMemory or WriteProcessMemory request was completed. (0x12B)
[0815/161528.553:ERROR:process_memory_win.cc(73)] ReadMemory at 0x5dd624b480 of 132 bytes failed: Only part of a ReadProcessMemory or WriteProcessMemory request was completed. (0x12B)
[0815/161528.553:ERROR:process_memory_win.cc(73)] ReadMemory at 0x5dd624bb50 of 60 bytes failed: Only part of a ReadProcessMemory or WriteProcessMemory request was completed. (0x12B)
[0815/161528.553:ERROR:process_memory_win.cc(73)] ReadMemory at 0x5dd625b3f0 of 64 bytes failed: Only part of a ReadProcessMemory or WriteProcessMemory request was completed. (0x12B)
[0815/161528.553:ERROR:process_memory_win.cc(73)] ReadMemory at 0x5dd625b440 of 60 bytes failed: Only part of a ReadProcessMemory or WriteProcessMemory request was completed. (0x12B)
[0815/161528.553:ERROR:process_memory_win.cc(73)] ReadMemory at 0x5dd625b490 of 62 bytes failed: Only part of a ReadProcessMemory or WriteProcessMemory request was completed. (0x12B)
[0815/161528.553:ERROR:process_memory_win.cc(73)] ReadMemory at 0x5dd625b4e0 of 60 bytes failed: Only part of a ReadProcessMemory or WriteProcessMemory request was completed. (0x12B)
[0815/161528.553:ERROR:process_memory_win.cc(73)] ReadMemory at 0x5dd625b530 of 60 bytes failed: Only part of a ReadProcessMemory or WriteProcessMemory request was completed. (0x12B)
[0815/161528.553:ERROR:process_memory_win.cc(73)] ReadMemory at 0x5dd625b580 of 64 bytes failed: Only part of a ReadProcessMemory or WriteProcessMemory request was completed. (0x12B)
[0815/161528.554:ERROR:process_memory_win.cc(73)] ReadMemory at 0x5dd625b5d0 of 62 bytes failed: Only part of a ReadProcessMemory or WriteProcessMemory request was completed. (0x12B)
[0815/161528.554:ERROR:process_memory_win.cc(73)] ReadMemory at 0x5dd625b670 of 60 bytes failed: Only part of a ReadProcessMemory or WriteProcessMemory request was completed. (0x12B)
[0815/161528.554:ERROR:process_memory_win.cc(73)] ReadMemory at 0x5dd625b710 of 62 bytes failed: Only part of a ReadProcessMemory or WriteProcessMemory request was completed. (0x12B)
[0815/161528.554:ERROR:process_memory_win.cc(73)] ReadMemory at 0x5dd625b760 of 62 bytes failed: Only part of a ReadProcessMemory or WriteProcessMemory request was completed. (0x12B)
[0815/161528.554:ERROR:process_memory_win.cc(73)] ReadMemory at 0x5dd625b7b0 of 64 bytes failed: Only part of a ReadProcessMemory or WriteProcessMemory request was completed. (0x12B)
[0815/161528.554:ERROR:process_memory_win.cc(73)] ReadMemory at 0x5dd625b940 of 64 bytes failed: Only part of a ReadProcessMemory or WriteProcessMemory request was completed. (0x12B)
[0815/161528.554:ERROR:process_memory_win.cc(73)] ReadMemory at 0x5dd625b9e0 of 62 bytes failed: Only part of a ReadProcessMemory or WriteProcessMemory request was completed. (0x12B)
[0815/161528.555:ERROR:process_memory_win.cc(73)] ReadMemory at 0x5dd625ba80 of 58 bytes failed: Only part of a ReadProcessMemory or WriteProcessMemory request was completed. (0x12B)
[0815/161528.555:ERROR:process_memory_win.cc(73)] ReadMemory at 0x5dd625bbc0 of 62 bytes failed: Only part of a ReadProcessMemory or WriteProcessMemory request was completed. (0x12B)
[0815/161528.555:ERROR:process_memory_win.cc(73)] ReadMemory at 0x5dd625bc10 of 64 bytes failed: Only part of a ReadProcessMemory or WriteProcessMemory request was completed. (0x12B)
[0815/161528.555:ERROR:process_memory_win.cc(73)] ReadMemory at 0x5dd625bcb0 of 64 bytes failed: Only part of a ReadProcessMemory or WriteProcessMemory request was completed. (0x12B)
[0815/161528.555:ERROR:process_memory_win.cc(73)] ReadMemory at 0x5dd625bd50 of 62 bytes failed: Only part of a ReadProcessMemory or WriteProcessMemory request was completed. (0x12B)
[0815/161528.555:ERROR:process_memory_win.cc(73)] ReadMemory at 0x5dd625bda0 of 60 bytes failed: Only part of a ReadProcessMemory or WriteProcessMemory request was completed. (0x12B)
[0815/161528.555:ERROR:process_memory_win.cc(73)] ReadMemory at 0x5dd625bdf0 of 60 bytes failed: Only part of a ReadProcessMemory or WriteProcessMemory request was completed. (0x12B)
[0815/161528.555:ERROR:process_memory_win.cc(73)] ReadMemory at 0x5dd625bf30 of 64 bytes failed: Only part of a ReadProcessMemory or WriteProcessMemory request was completed. (0x12B)
[0815/161528.556:ERROR:process_memory_win.cc(73)] ReadMemory at 0x5dd625bfd0 of 66 bytes failed: Only part of a ReadProcessMemory or WriteProcessMemory request was completed. (0x12B)
[0815/161528.556:ERROR:process_memory_win.cc(73)] ReadMemory at 0x5dd625c1b0 of 60 bytes failed: Only part of a ReadProcessMemory or WriteProcessMemory request was completed. (0x12B)
[0815/161528.556:ERROR:process_memory_win.cc(73)] ReadMemory at 0x5dd625c200 of 62 bytes failed: Only part of a ReadProcessMemory or WriteProcessMemory request was completed. (0x12B)
[0815/161528.556:ERROR:process_memory_win.cc(73)] ReadMemory at 0x5dd625c2f0 of 62 bytes failed: Only part of a ReadProcessMemory or WriteProcessMemory request was completed. (0x12B)
[0815/161528.556:ERROR:process_memory_win.cc(73)] ReadMemory at 0x5dd62612c0 of 132 bytes failed: Only part of a ReadProcessMemory or WriteProcessMemory request was completed. (0x12B)
[0815/161528.557:ERROR:process_memory_win.cc(73)] ReadMemory at 0x5dd62614a0 of 132 bytes failed: Only part of a ReadProcessMemory or WriteProcessMemory request was completed. (0x12B)
[0815/161528.557:ERROR:process_memory_win.cc(73)] ReadMemory at 0x5dd6261a80 of 132 bytes failed: Only part of a ReadProcessMemory or WriteProcessMemory request was completed. (0x12B)
[0815/161528.557:ERROR:process_memory_win.cc(73)] ReadMemory at 0x5dd6261ba0 of 132 bytes failed: Only part of a ReadProcessMemory or WriteProcessMemory request was completed. (0x12B)
[0815/161528.557:ERROR:process_memory_win.cc(73)] ReadMemory at 0x5dd6262540 of 132 bytes failed: Only part of a ReadProcessMemory or WriteProcessMemory request was completed. (0x12B)
[0815/161528.557:ERROR:process_memory_win.cc(73)] ReadMemory at 0x5dd6262660 of 132 bytes failed: Only part of a ReadProcessMemory or WriteProcessMemory request was completed. (0x12B)
[0815/161528.558:ERROR:process_memory_win.cc(73)] ReadMemory at 0x5dd6262810 of 132 bytes failed: Only part of a ReadProcessMemory or WriteProcessMemory request was completed. (0x12B)
[0815/161528.558:ERROR:process_memory_win.cc(73)] ReadMemory at 0x5dd6262b80 of 146 bytes failed: Only part of a ReadProcessMemory or WriteProcessMemory request was completed. (0x12B)
[0815/161528.558:ERROR:process_memory_win.cc(73)] ReadMemory at 0x5dd62671b0 of 132 bytes failed: Only part of a ReadProcessMemory or WriteProcessMemory request was completed. (0x12B)
[0815/161528.558:ERROR:process_memory_win.cc(73)] ReadMemory at 0x5dd6269390 of 54 bytes failed: Only part of a ReadProcessMemory or WriteProcessMemory request was completed. (0x12B)
[0815/161528.558:ERROR:process_memory_win.cc(73)] ReadMemory at 0x5dd626aa00 of 80 bytes failed: Only part of a ReadProcessMemory or WriteProcessMemory request was completed. (0x12B)
[0815/161528.558:ERROR:process_memory_win.cc(73)] ReadMemory at 0x5dd626ce10 of 132 bytes failed: Only part of a ReadProcessMemory or WriteProcessMemory request was completed. (0x12B)
[0815/161528.558:ERROR:process_memory_win.cc(73)] ReadMemory at 0x5dd626cf80 of 132 bytes failed: Only part of a ReadProcessMemory or WriteProcessMemory request was completed. (0x12B)
[0815/161528.559:ERROR:process_memory_win.cc(73)] ReadMemory at 0x5dd626d0a0 of 132 bytes failed: Only part of a ReadProcessMemory or WriteProcessMemory request was completed. (0x12B)
[0815/161528.559:ERROR:process_memory_win.cc(73)] ReadMemory at 0x5dd626d1c0 of 132 bytes failed: Only part of a ReadProcessMemory or WriteProcessMemory request was completed. (0x12B)
[0815/161528.559:ERROR:process_memory_win.cc(73)] ReadMemory at 0x5dd626d2e0 of 132 bytes failed: Only part of a ReadProcessMemory or WriteProcessMemory request was completed. (0x12B)
[0815/161528.559:ERROR:process_memory_win.cc(73)] ReadMemory at 0x5dd626d400 of 132 bytes failed: Only part of a ReadProcessMemory or WriteProcessMemory request was completed. (0x12B)
[0815/161528.559:ERROR:process_memory_win.cc(73)] ReadMemory at 0x5dd626d520 of 132 bytes failed: Only part of a ReadProcessMemory or WriteProcessMemory request was completed. (0x12B)
[0815/161528.559:ERROR:process_memory_win.cc(73)] ReadMemory at 0x5dd626d640 of 132 bytes failed: Only part of a ReadProcessMemory or WriteProcessMemory request was completed. (0x12B)
[0815/161528.559:ERROR:process_memory_win.cc(73)] ReadMemory at 0x5dd626d760 of 132 bytes failed: Only part of a ReadProcessMemory or WriteProcessMemory request was completed. (0x12B)
[0815/161528.560:ERROR:process_memory_win.cc(73)] ReadMemory at 0x5dd626d880 of 132 bytes failed: Only part of a ReadProcessMemory or WriteProcessMemory request was completed. (0x12B)
[0815/161528.560:ERROR:process_memory_win.cc(73)] ReadMemory at 0x5dd626d9a0 of 132 bytes failed: Only part of a ReadProcessMemory or WriteProcessMemory request was completed. (0x12B)
[0815/161528.560:ERROR:process_memory_win.cc(73)] ReadMemory at 0x5dd626dac0 of 132 bytes failed: Only part of a ReadProcessMemory or WriteProcessMemory request was completed. (0x12B)
[0815/161528.560:ERROR:process_memory_win.cc(73)] ReadMemory at 0x5dd626dbe0 of 132 bytes failed: Only part of a ReadProcessMemory or WriteProcessMemory request was completed. (0x12B)
[0815/161528.560:ERROR:process_memory_win.cc(73)] ReadMemory at 0x5dd626dd00 of 132 bytes failed: Only part of a ReadProcessMemory or WriteProcessMemory request was completed. (0x12B)
[0815/161528.560:ERROR:process_memory_win.cc(73)] ReadMemory at 0x5dd626f2d0 of 132 bytes failed: Only part of a ReadProcessMemory or WriteProcessMemory request was completed. (0x12B)
[0815/161528.560:ERROR:process_memory_win.cc(73)] ReadMemory at 0x5dd626f870 of 132 bytes failed: Only part of a ReadProcessMemory or WriteProcessMemory request was completed. (0x12B)
[0815/161528.560:ERROR:process_memory_win.cc(73)] ReadMemory at 0x5dd626f990 of 132 bytes failed: Only part of a ReadProcessMemory or WriteProcessMemory request was completed. (0x12B)
[0815/161528.561:ERROR:process_memory_win.cc(73)] ReadMemory at 0x5dd626fcf0 of 132 bytes failed: Only part of a ReadProcessMemory or WriteProcessMemory request was completed. (0x12B)
[0815/161528.561:ERROR:process_memory_win.cc(73)] ReadMemory at 0x5dd6270050 of 132 bytes failed: Only part of a ReadProcessMemory or WriteProcessMemory request was completed. (0x12B)
[0815/161528.561:ERROR:process_memory_win.cc(73)] ReadMemory at 0x5dd62703b0 of 132 bytes failed: Only part of a ReadProcessMemory or WriteProcessMemory request was completed. (0x12B)
[0815/161528.561:ERROR:process_memory_win.cc(73)] ReadMemory at 0x5dd62705f0 of 132 bytes failed: Only part of a ReadProcessMemory or WriteProcessMemory request was completed. (0x12B)
[0815/161528.561:ERROR:process_memory_win.cc(73)] ReadMemory at 0x5dd6270710 of 132 bytes failed: Only part of a ReadProcessMemory or WriteProcessMemory request was completed. (0x12B)
[0815/161528.561:ERROR:process_memory_win.cc(73)] ReadMemory at 0x5dd6270950 of 132 bytes failed: Only part of a ReadProcessMemory or WriteProcessMemory request was completed. (0x12B)
[0815/161528.561:ERROR:process_memory_win.cc(73)] ReadMemory at 0x5dd6270cb0 of 132 bytes failed: Only part of a ReadProcessMemory or WriteProcessMemory request was completed. (0x12B)
[0815/161528.562:ERROR:process_memory_win.cc(73)] ReadMemory at 0x5dd6270dd0 of 132 bytes failed: Only part of a ReadProcessMemory or WriteProcessMemory request was completed. (0x12B)
[0815/161528.562:ERROR:process_memory_win.cc(73)] ReadMemory at 0x5dd6271b40 of 58 bytes failed: Only part of a ReadProcessMemory or WriteProcessMemory request was completed. (0x12B)
[0815/161528.562:ERROR:process_memory_win.cc(73)] ReadMemory at 0x5dd62721d0 of 58 bytes failed: Only part of a ReadProcessMemory or WriteProcessMemory request was completed. (0x12B)
[0815/161528.562:ERROR:process_memory_win.cc(73)] ReadMemory at 0x5dd6272220 of 58 bytes failed: Only part of a ReadProcessMemory or WriteProcessMemory request was completed. (0x12B)
[0815/161528.562:ERROR:process_memory_win.cc(73)] ReadMemory at 0x5dd6272630 of 512 bytes failed: Only part of a ReadProcessMemory or WriteProcessMemory request was completed. (0x12B)
[0815/161528.562:ERROR:process_memory_win.cc(73)] ReadMemory at 0x5dd62ace20 of 66 bytes failed: Only part of a ReadProcessMemory or WriteProcessMemory request was completed. (0x12B)
[0815/161528.562:ERROR:process_memory_win.cc(73)] ReadMemory at 0x5dd62b2c20 of 80 bytes failed: Only part of a ReadProcessMemory or WriteProcessMemory request was completed. (0x12B)
[0815/161528.563:ERROR:process_memory_win.cc(73)] ReadMemory at 0x5dd62c5d90 of 512 bytes failed: Only part of a ReadProcessMemory or WriteProcessMemory request was completed. (0x12B)
[0815/161528.563:ERROR:process_memory_win.cc(73)] ReadMemory at 0x5dd62dad20 of 512 bytes failed: Only part of a ReadProcessMemory or WriteProcessMemory request was completed. (0x12B)
[0815/161528.563:ERROR:process_memory_win.cc(73)] ReadMemory at 0x5dd62dda70 of 512 bytes failed: Only part of a ReadProcessMemory or WriteProcessMemory request was completed. (0x12B)
[0815/161528.563:ERROR:process_memory_win.cc(73)] ReadMemory at 0x5dd62de450 of 512 bytes failed: Only part of a ReadProcessMemory or WriteProcessMemory request was completed. (0x12B)
[0815/161528.563:ERROR:process_memory_win.cc(73)] ReadMemory at 0x5dd62f3810 of 688 bytes failed: Only part of a ReadProcessMemory or WriteProcessMemory request was completed. (0x12B)
[0815/161528.563:ERROR:process_memory_win.cc(73)] ReadMemory at 0x5dd6322210 of 512 bytes failed: Only part of a ReadProcessMemory or WriteProcessMemory request was completed. (0x12B)
[0815/161528.563:ERROR:process_memory_win.cc(73)] ReadMemory at 0x5dd6323010 of 512 bytes failed: Only part of a ReadProcessMemory or WriteProcessMemory request was completed. (0x12B)
[0815/161528.563:ERROR:process_memory_win.cc(73)] ReadMemory at 0x5ddad58a50 of 512 bytes failed: Only part of a ReadProcessMemory or WriteProcessMemory request was completed. (0x12B)
[0815/161528.564:ERROR:process_memory_win.cc(73)] ReadMemory at 0x5ddae0a9d0 of 512 bytes failed: Only part of a ReadProcessMemory or WriteProcessMemory request was completed. (0x12B)
[0815/161528.564:ERROR:process_memory_win.cc(73)] ReadMemory at 0x5ddbedb8e0 of 512 bytes failed: Only part of a ReadProcessMemory or WriteProcessMemory request was completed. (0x12B)
[0815/161528.564:ERROR:process_memory_win.cc(73)] ReadMemory at 0x5ddc3a9520 of 512 bytes failed: Only part of a ReadProcessMemory or WriteProcessMemory request was completed. (0x12B)
[0815/161528.564:ERROR:process_memory_win.cc(73)] ReadMemory at 0x5de0c0e140 of 512 bytes failed: Only part of a ReadProcessMemory or WriteProcessMemory request was completed. (0x12B)
[0815/161528.564:ERROR:process_memory_win.cc(73)] ReadMemory at 0x5de4728f80 of 512 bytes failed: Only part of a ReadProcessMemory or WriteProcessMemory request was completed. (0x12B)
[0815/161528.564:ERROR:process_memory_win.cc(73)] ReadMemory at 0x7ff6c329e000 of 6024 bytes failed: Only part of a ReadProcessMemory or WriteProcessMemory request was completed. (0x12B)
[0815/161528.565:ERROR:process_memory_win.cc(73)] ReadMemory at 0x7ff6c32a0000 of 6024 bytes failed: Only part of a ReadProcessMemory or WriteProcessMemory request was completed. (0x12B)
[0815/161528.565:ERROR:process_memory_win.cc(73)] ReadMemory at 0x7ff6c32a2000 of 6024 bytes failed: Only part of a ReadProcessMemory or WriteProcessMemory request was completed. (0x12B)
[0815/161528.565:ERROR:process_memory_win.cc(73)] ReadMemory at 0x7ff6c32a4000 of 6024 bytes failed: Only part of a ReadProcessMemory or WriteProcessMemory request was completed. (0x12B)
[0815/161528.565:ERROR:process_memory_win.cc(73)] ReadMemory at 0x7ff6c32a6000 of 6024 bytes failed: Only part of a ReadProcessMemory or WriteProcessMemory request was completed. (0x12B)
[0815/161528.565:ERROR:process_memory_win.cc(73)] ReadMemory at 0x7ff6c32a8000 of 6024 bytes failed: Only part of a ReadProcessMemory or WriteProcessMemory request was completed. (0x12B)
[0815/161528.565:ERROR:process_memory_win.cc(73)] ReadMemory at 0x7ff6c32aa000 of 6024 bytes failed: Only part of a ReadProcessMemory or WriteProcessMemory request was completed. (0x12B)
[0815/161528.566:ERROR:process_memory_win.cc(73)] ReadMemory at 0x7ff6c32ac000 of 6024 bytes failed: Only part of a ReadProcessMemory or WriteProcessMemory request was completed. (0x12B)
[0815/161528.566:ERROR:process_memory_win.cc(73)] ReadMemory at 0x7ff6c32ae000 of 6024 bytes failed: Only part of a ReadProcessMemory or WriteProcessMemory request was completed. (0x12B)
[0815/161528.566:ERROR:process_memory_win.cc(73)] ReadMemory at 0x7ff6c33d4000 of 6024 bytes failed: Only part of a ReadProcessMemory or WriteProcessMemory request was completed. (0x12B)
[0815/161528.566:ERROR:process_memory_win.cc(73)] ReadMemory at 0x7ff6c33d6000 of 6024 bytes failed: Only part of a ReadProcessMemory or WriteProcessMemory request was completed. (0x12B)
[0815/161528.566:ERROR:process_memory_win.cc(73)] ReadMemory at 0x7ff6c33d8000 of 852 bytes failed: Only part of a ReadProcessMemory or WriteProcessMemory request was completed. (0x12B)
[0815/161528.567:ERROR:process_memory_win.cc(73)] ReadMemory at 0x7ff6c33da000 of 6024 bytes failed: Only part of a ReadProcessMemory or WriteProcessMemory request was completed. (0x12B)
[0815/161528.567:ERROR:process_memory_win.cc(73)] ReadMemory at 0x7ff6c33dc000 of 6024 bytes failed: Only part of a ReadProcessMemory or WriteProcessMemory request was completed. (0x12B)
[0815/161528.567:ERROR:process_memory_win.cc(73)] ReadMemory at 0x7ff6c33de000 of 6024 bytes failed: Only part of a ReadProcessMemory or WriteProcessMemory request was completed. (0x12B)
[0815/161528.567:ERROR:process_memory_win.cc(73)] ReadMemory at 0x7ffb3c3dfa33 of 512 bytes failed: Only part of a ReadProcessMemory or WriteProcessMemory request was completed. (0x12B)
[0815/161528.567:ERROR:process_memory_win.cc(73)] ReadMemory at 0x7ffb438aa778 of 520 bytes failed: Only part of a ReadProcessMemory or WriteProcessMemory request was completed. (0x12B)
[0815/161528.567:ERROR:process_memory_win.cc(73)] ReadMemory at 0x7ffb439ac188 of 512 bytes failed: Only part of a ReadProcessMemory or WriteProcessMemory request was completed. (0x12B)
[0815/161528.568:ERROR:process_memory_win.cc(73)] ReadMemory at 0x7ffb670f79b3 of 512 bytes failed: Only part of a ReadProcessMemory or WriteProcessMemory request was completed. (0x12B)
[0815/161528.568:ERROR:process_memory_win.cc(73)] ReadMemory at 0x7ffb670f81a0 of 512 bytes failed: Only part of a ReadProcessMemory or WriteProcessMemory request was completed. (0x12B)
[0815/161528.568:ERROR:process_memory_win.cc(73)] ReadMemory at 0x7ffb82b795e0 of 18 bytes failed: Only part of a ReadProcessMemory or WriteProcessMemory request was completed. (0x12B)
[0815/161528.568:ERROR:process_memory_win.cc(73)] ReadMemory at 0x7ffb82b8c7e0 of 512 bytes failed: Only part of a ReadProcessMemory or WriteProcessMemory request was completed. (0x12B)
[0815/161528.568:ERROR:process_memory_win.cc(73)] ReadMemory at 0x7ffb82baa850 of 512 bytes failed: Only part of a ReadProcessMemory or WriteProcessMemory request was completed. (0x12B)
[0815/161528.568:ERROR:process_memory_win.cc(73)] ReadMemory at 0x7ffb82c006ca of 592 bytes failed: Only part of a ReadProcessMemory or WriteProcessMemory request was completed. (0x12B)
[0815/161528.615:ERROR:process_memory_win.cc(73)] ReadMemory at 0x7ffb82c0214a of 560 bytes failed: Only part of a ReadProcessMemory or WriteProcessMemory request was completed. (0x12B)
[0815/161528.616:ERROR:process_memory_win.cc(73)] ReadMemory at 0x7ffb82c046cb of 512 bytes failed: Only part of a ReadProcessMemory or WriteProcessMemory request was completed. (0x12B)
[0815/161528.616:ERROR:process_memory_win.cc(73)] ReadMemory at 0x7ffb82c9e8a8 of 40 bytes failed: Only part of a ReadProcessMemory or WriteProcessMemory request was completed. (0x12B)
[0815/161528.616:ERROR:process_memory_win.cc(73)] ReadMemory at 0x7ffb82c9ebe0 of 48 bytes failed: Only part of a ReadProcessMemory or WriteProcessMemory request was completed. (0x12B)
[0815/161528.616:ERROR:process_memory_win.cc(73)] ReadMemory at 0x7ffb82ca1320 of 64 bytes failed: Only part of a ReadProcessMemory or WriteProcessMemory request was completed. (0x12B)
[0815/161528.643:ERROR:scoped_process_suspend.cc(40)] NtResumeProcess: An attempt was made to access an exiting process. (0xc000010a)
